2712361757
3006608547
1913174691
3274591762
18481744690
1766056146
10214799773
16899708322
11349783320
8651864729
7208769382
22007797072
9302307737
1234439885
15299354395
15724182763
11413222959
5552504197
3316851423
11351218599
14685225101
7548574755
18106399937
17269679623
7420486693
1069678282
5258741591
10234586137
10051856224
20805971407
11356434888
14569729027
15465310673
16206055861
9108543364
9775248935
12859639121
23986170851
14584441791
2618731198
21056697865
13064177700
1977216641
2073470583
9774984987
668901002
21749383358
4883385297
11446309772
12991609180
12631950473
9941130741
3859935859
3241303364
11526902125
11369008212
7970504532
15546720134
16460692607
3541807274
22174464214
21324313847
416626762
6316156072
2822824416
11951988541
5715228557
9828722838
23623754116
19228556601
20700880511
13911160009
3772714611
5403714807
12369741276
5793497994
24368256397
10966590211
16547581301
7119618261
7501785256
8398515644
15168393702
17461935105
843913292
14698764718
8565788189
4669925752
9379979440
3703362878
18844521467
26328103263
10825636276
19033551954
16773748579
7887417134
4868674486
