10658484373
18448310615
8167559882
8896860774
1358760845
6400584297
7533736600
17985713621
18422392303
14615916032
15461574901
14527615312
26552800352
10153392228
8534040340
18956522904
7987044226
12796854812
20457087027
18296780550
127385292
15058662097
19027701729
488202380
13691863510
16692909421
9388011710
14056726956
2003998060
11826699705
18807639982
8351574827
6086586054
21590537959
6890916400
8347820054
6657659230
646481556
6491759483
5354265043
6509184412
7594239291
19548932566
3358021841
21282075276
14466181014
226514306
11738919633
2834726378
6646348635
11292967976
9696657703
20853412567
11794919830
6213708782
7763549957
2481998628
5372208067
25886066821
19737457852
10729100685
8417407797
