14402303934
7743136880
3936544688
481490528
16921894064
12385749475
8872065608
12523750456
13145616556
5730183143
18354213707
2546401705
10871189995
397493498
12096621741
10859954262
20998024556
12871217944
15665644653
20404666106
9790627247
14188150142
16832244565
13350155721
15132522524
21156258542
12007290670
22318206026
1582365024
7591236475
4543966531
17149534525
1441803310
7672900674
9765086257
9974489693
18298436144
7348088785
4287989910
14945254180
9286977551
3141067804
6613269062
21765734885
2936759531
16376811051
20576354199
163480178
15236700701
14082487958
20033027473
3310877169
7847890867
20901559586
