15236984147
20351184504
18153675219
17054895839
2741519104
7732431455
18261419013
14812959629
8377703055
19655610605
20636584884
17901381852
2942152266
15921044790
18838881656
20894548204
11388010705
8273540342
6196082885
18796483177
18754429505
1465268078
15719330418
8011557160
20854468176
17540089808
6216000233
5081803012
1404554767
20414844948
17845563507
10036083281
18380254403
599109626
5989302106
957938193
17249530615
10286793646
11691636827
10837091319
12936420040
17567020180
1393467108
18220220769
440711267
10080812059
1770775006
14597693908
5183318092
16326566017
3494485793
17113059671
8051912958
3263199352
9627109095
8410082435
8475478329
5207863290
957242733
16306562539
6288525921
9633837099
18514430404
13016489053
3126310411
