17233130709
510109032
20060614326
18945016605
7047538562
5168286216
8352362400
20080201427
12808963549
4304786566
3675066524
9836579451
4427215236
11077925438
16262330239
14309425973
18434351112
18193822359
12531164250
21541754787
12438053999
16045953441
8956856059
9998944947
405065249
7168491437
21071203950
15514549755
1514073151
1554077043
12488696351
15175086780
3822374572
1993009100
14219499139
15606393725
2384584392
9882580696
7631153043
7795518277
2578836436
13492357695
5424693922
8691265281
16882851131
5415213390
15884167527
13308521193
22249296843
213726370
19018197315
5956600460
15134436524
5035591338
3653162658
2946973146
9051901950
15557273229
18481194333
21447894748
7431915949
2434027584
12746588449
15065687765
