17403477218
16296992443
14450525355
9838798967
5997050999
6699771737
13871835373
1132689397
12833850921
16352372612
19045173210
6490704079
25487583328
643844925
20459852170
12566540872
21693923131
29831427
9647970949
10130895979
19274599515
10297878605
4887804451
10554207551
11784036140
17932843966
21460007657
16607816483
4615382012
12966758057
15918916523
22867667382
21938703721
18957660339
10091036381
4019858051
12029347846
14767507740
23448903920
15127224294
18061608623
16021528716
7215104789
13978021165
13797561643
10976249776
4227974431
17318506922
5390767842
15114158217
15042372828
2133629866
10772500252
289240478
18900548668
11615597221
11970119246
2144944015
18671708978
16337133505
15943071158
2234699331
11997468905
