4901975551
11940740846
22923832659
17551123927
12719675175
5671784078
4754720500
16520015977
16732291805
1943215674
15386101931
5476415154
2225139780
1777540550
4375045549
8582263818
12775079709
5786988769
13237790527
1617584103
18422990167
13712837552
9460039523
6175143934
14439124982
11958921805
10983869180
20206672911
8255997585
1146550298
4240618311
15297193226
1647377267
7193084257
14402336149
15096931816
18720834692
9641421575
5836605775
18102673108
17614252167
18206886755
13982089006
7937307255
3486818203
4853546028
6663610785
22656120201
17143616607
13273055071
19429789957
2533393463
25170113349
10525805005
18778915873
15026337709
13861863225
19366853663
2305324583
14700092112
5969952725
15710460460
9748418886
21982327758
2601982436
