23719898000
2215679891
10031715246
12884005193
5103929679
9160994183
13822409927
5808244002
10556116708
12443944670
12495973387
7428736213
7704723658
12310441387
9712802929
24417541676
12102099601
11591520588
14595196004
8601898294
14628011814
17305352863
18104845931
12595153971
17770185754
11525011236
12027802052
14114552376
1605428414
8280786446
9690061018
13768556045
8857755281
9835420838
22909741851
14991744856
20512888523
24450700812
3735724065
4215882245
18882817600
14229775885
19214992413
18390523801
11854008626
6108109394
4681743279
11311447193
7871406522
19119691703
5308818966
20999850607
19120830202
10733702944
13947372464
5575222707
20542649439
